0 info it worked if it ends with ok
1 verbose cli [ '/usr/local/bin/node', '/usr/local/bin/npm', 'run', 'start' ]
2 info using npm@3.10.10
3 info using node@v6.14.4
4 verbose run-script [ 'prestart', 'start', 'poststart' ]
5 info lifecycle hugo-boilerplate@1.0.0~prestart: hugo-boilerplate@1.0.0
6 silly lifecycle hugo-boilerplate@1.0.0~prestart: no script for prestart, continuing
7 info lifecycle hugo-boilerplate@1.0.0~start: hugo-boilerplate@1.0.0
8 verbose lifecycle hugo-boilerplate@1.0.0~start: unsafe-perm in lifecycle true
9 verbose lifecycle hugo-boilerplate@1.0.0~start: PATH: /usr/local/lib/node_modules/npm/bin/node-gyp-bin:/Users/aphillips/Documents/Curia/artist-bureau/hugo-artist-bureau/node_modules/.bin:/usr/local/sbin:/Users/aphillips/bin:/usr/local/bin:/usr/bin:/bin:/usr/sbin:/sbin:/opt/X11/bin:/usr/local/git/bin:/usr/local/go/bin:/Library/Frameworks/Mono.framework/Versions/Current/Commands:/usr/local/munki:/usr/local/sbin:/Users/aphillips/bin:/Users/aphillips/npm/bin:/Users/aphillips/npm/bin
10 verbose lifecycle hugo-boilerplate@1.0.0~start: CWD: /Users/aphillips/Documents/Curia/artist-bureau/hugo-artist-bureau
11 silly lifecycle hugo-boilerplate@1.0.0~start: Args: [ '-c', 'gulp server' ]
12 silly lifecycle hugo-boilerplate@1.0.0~start: Returned: code: 1  signal: null
13 info lifecycle hugo-boilerplate@1.0.0~start: Failed to exec start script
14 verbose stack Error: hugo-boilerplate@1.0.0 start: `gulp server`
14 verbose stack Exit status 1
14 verbose stack     at EventEmitter.<anonymous> (/usr/local/lib/node_modules/npm/lib/utils/lifecycle.js:255:16)
14 verbose stack     at emitTwo (events.js:106:13)
14 verbose stack     at EventEmitter.emit (events.js:191:7)
14 verbose stack     at ChildProcess.<anonymous> (/usr/local/lib/node_modules/npm/lib/utils/spawn.js:40:14)
14 verbose stack     at emitTwo (events.js:106:13)
14 verbose stack     at ChildProcess.emit (events.js:191:7)
14 verbose stack     at maybeClose (internal/child_process.js:920:16)
14 verbose stack     at Process.ChildProcess._handle.onexit (internal/child_process.js:230:5)
15 verbose pkgid hugo-boilerplate@1.0.0
16 verbose cwd /Users/aphillips/Documents/Curia/artist-bureau/hugo-artist-bureau
17 error Darwin 16.7.0
18 error argv "/usr/local/bin/node" "/usr/local/bin/npm" "run" "start"
19 error node v6.14.4
20 error npm  v3.10.10
21 error code ELIFECYCLE
22 error hugo-boilerplate@1.0.0 start: `gulp server`
22 error Exit status 1
23 error Failed at the hugo-boilerplate@1.0.0 start script 'gulp server'.
23 error Make sure you have the latest version of node.js and npm installed.
23 error If you do, this is most likely a problem with the hugo-boilerplate package,
23 error not with npm itself.
23 error Tell the author that this fails on your system:
23 error     gulp server
23 error You can get information on how to open an issue for this project with:
23 error     npm bugs hugo-boilerplate
23 error Or if that isn't available, you can get their info via:
23 error     npm owner ls hugo-boilerplate
23 error There is likely additional logging output above.
24 verbose exit [ 1, true ]
